[01:49:53] === StockBot Research Scraper Started (V2.0) ===
[01:49:53] --- Section: invest ---
[01:49:54] [invest] Today: 12 items
[01:49:54]    Processing: 12/22 Commodity Weekly
[01:49:54]    > Fetching Detail: https://finance.naver.com/research/invest_read.naver?nid=37309&page=1
[01:49:55]    Processing: 더 글로벌 레이더 Weekly
[01:49:55]    > Fetching Detail: https://finance.naver.com/research/invest_read.naver?nid=37308&page=1
[01:49:56]    Processing: Santa Claus Coming to KOSPI? 연말 필승 전략 공개!
[01:49:56]    > Fetching Detail: https://finance.naver.com/research/invest_read.naver?nid=37307&page=1
[01:49:58]    Processing: 주간 금리·환율 전망
[01:49:58]    > Fetching Detail: https://finance.naver.com/research/invest_read.naver?nid=37306&page=1
[01:49:58]    Processing: [1월 주식시장 전망과 전략] 아무 주식이나 오르지 않..
[01:49:58]    > Fetching Detail: https://finance.naver.com/research/invest_read.naver?nid=37305&page=1
[01:50:00]    Processing: [Hana China Weekly] 반도체 자립을 위한 대규모 보조..
[01:50:00]    > Fetching Detail: https://finance.naver.com/research/invest_read.naver?nid=37304&page=1
[01:50:00]    Processing: [ETF Spectrum] THE 2025 ETF Awards_국내편
[01:50:00]    > Fetching Detail: https://finance.naver.com/research/invest_read.naver?nid=37303&page=1
[01:50:01]    Processing: [IBKS Daily]Start with IBKS (2025.12.22) GPT 운영 ..
[01:50:01]    > Fetching Detail: https://finance.naver.com/research/invest_read.naver?nid=37302&page=1
[01:50:02]    Processing: 12/20 엔화, BOJ 금리인상에도 약세
[01:50:02]    > Fetching Detail: https://finance.naver.com/research/invest_read.naver?nid=37301&page=1
[01:50:03]    Processing: 12/22, Kiwoom Weekly_악재 우위 환경에서 벗어나는 ..
[01:50:03]    > Fetching Detail: https://finance.naver.com/research/invest_read.naver?nid=37300&page=1
[01:50:04] --- Section: company ---
[01:50:05] [company] Today: 14 items
[01:50:05]    Processing: [한전KPS] 안정적 실적 증가 재개, 모멘텀은 해외 원전..
[01:50:05]    > Fetching Detail: https://finance.naver.com/research/company_read.naver?nid=88812&page=1
[01:50:05]    Processing: [유한양행] 26년 레이저티닙 미국 매출 본격화 기대
[01:50:05]    > Fetching Detail: https://finance.naver.com/research/company_read.naver?nid=88811&page=1
[01:50:06]    Processing: [SNT다이내믹스] 자사주 소각 기대 및 중동수출 가속화로 수주..
[01:50:06]    > Fetching Detail: https://finance.naver.com/research/company_read.naver?nid=88810&page=1
[01:50:07]    Processing: [스톰테크] IPO Update: 배당수익률 6.5% 예상
[01:50:07]    > Fetching Detail: https://finance.naver.com/research/company_read.naver?nid=88809&page=1
[01:50:08]    Processing: [에스투더블유] 사이버 안보 및 보안 수요 증가로 성장성 가..
[01:50:08]    > Fetching Detail: https://finance.naver.com/research/company_read.naver?nid=88808&page=1
[01:50:09]    Processing: [마이크로디지탈] 지금이 바이오 소부장 국산화의 시발점!
[01:50:09]    > Fetching Detail: https://finance.naver.com/research/company_read.naver?nid=88807&page=1
[01:50:10]    Processing: [플리토] 데이터가 곧 경쟁력
[01:50:10]    > Fetching Detail: https://finance.naver.com/research/company_read.naver?nid=88806&page=1
[01:50:11]    Processing: [유투바이오] 진단부터 관리까지
[01:50:11]    > Fetching Detail: https://finance.naver.com/research/company_read.naver?nid=88805&page=1
[01:50:12]    Processing: [꿈비] 도약을 위한 준비는 마쳤다
[01:50:12]    > Fetching Detail: https://finance.naver.com/research/company_read.naver?nid=88804&page=1
[01:50:13]    Processing: [에르코스] 채널 및 제품 다변화 추진 계획
[01:50:13]    > Fetching Detail: https://finance.naver.com/research/company_read.naver?nid=88803&page=1
[01:50:14] --- Section: industry ---
[01:50:15] [industry] Today: 22 items
[01:50:15]    Processing: 국내만 소외받을 이유는 없다
[01:50:15]    > Fetching Detail: https://finance.naver.com/research/industry_read.naver?nid=42806&page=1
[01:50:16]    Processing: AI 에이전트 시대를 준비하는 네카오
[01:50:16]    > Fetching Detail: https://finance.naver.com/research/industry_read.naver?nid=42805&page=1
[01:50:16]    Processing: 원화 약세, 엔씨소프트 인수 코멘트
[01:50:16]    > Fetching Detail: https://finance.naver.com/research/industry_read.naver?nid=42804&page=1
[01:50:17]    Processing: 철강금속 Weekly(2025.12.22): 내년 철광석 ..
[01:50:17]    > Fetching Detail: https://finance.naver.com/research/industry_read.naver?nid=42803&page=1
[01:50:18]    Processing: 과징금 이슈에도 4분기 실적은 예년대비 나쁘..
[01:50:18]    > Fetching Detail: https://finance.naver.com/research/industry_read.naver?nid=42802&page=1
[01:50:19]    Processing: 다시 다가오는 매수 기회
[01:50:19]    > Fetching Detail: https://finance.naver.com/research/industry_read.naver?nid=42801&page=1
[01:50:20]    Processing: Weekly Monitor: 한국과 일본 NCC 구조조정 ..
[01:50:20]    > Fetching Detail: https://finance.naver.com/research/industry_read.naver?nid=42800&page=1
[01:50:21]    Processing: Bi-Weekly 냠냠냠: 오리온 11월 실적 발표 시..
[01:50:21]    > Fetching Detail: https://finance.naver.com/research/industry_read.naver?nid=42799&page=1
[01:50:22]    Processing: 당분간 주가 변동성은 계속된다
[01:50:22]    > Fetching Detail: https://finance.naver.com/research/industry_read.naver?nid=42798&page=1
[01:50:23]    Processing: AI와 에너지 #4: 美 Energy Transfer, LNG 프..
[01:50:23]    > Fetching Detail: https://finance.naver.com/research/industry_read.naver?nid=42797&page=1
[01:50:23] --- Section: economy ---
[01:50:24] [economy] Today: 9 items
[01:50:24]    Processing: [FX 진단 & 전망] 균형점을 찾아가는 DM 통화, 뉴노멀..
[01:50:24]    > Fetching Detail: https://finance.naver.com/research/economy_read.naver?nid=12790&page=1
[01:50:25]    Processing: 일본 기준금리 인상: ‘은근한’ 긴축 압력 시사
[01:50:25]    > Fetching Detail: https://finance.naver.com/research/economy_read.naver?nid=12789&page=1
[01:50:26]    Processing: Market Weekly Check ME up!
[01:50:26]    > Fetching Detail: https://finance.naver.com/research/economy_read.naver?nid=12788&page=1
[01:50:27]    Processing: 12/22, Kiwoom Morning Letter
[01:50:27]    > Fetching Detail: https://finance.naver.com/research/economy_read.naver?nid=12787&page=1
[01:50:28]    Processing: AI 확산 과정에서의 속도조절
[01:50:28]    > Fetching Detail: https://finance.naver.com/research/economy_read.naver?nid=12786&page=1
[01:50:28]    Processing: 안도 : 오라클 CDS 반락 등
[01:50:28]    > Fetching Detail: https://finance.naver.com/research/economy_read.naver?nid=12785&page=1
[01:50:29]    Processing: 연말을 앞둔 기 싸움
[01:50:29]    > Fetching Detail: https://finance.naver.com/research/economy_read.naver?nid=12784&page=1
[01:50:30]    Processing: 신한 FX Check-up
[01:50:30]    > Fetching Detail: https://finance.naver.com/research/economy_read.naver?nid=12782&page=1
[01:50:31]    Processing: 신한 Econ Check-up
[01:50:31]    > Fetching Detail: https://finance.naver.com/research/economy_read.naver?nid=12781&page=1
[01:50:32] === Completed ===